/COM,ANSYS RELEASE Release 17.2      BUILD 17.2      UP20160718       01:26:48

 *** ERROR ***                           CP =       8.564   TIME= 01:27:14
 The program is unable to open file (G:\pythonprojects\VKR\results\antype
 2\modalResult1).txt.  If the suggestions in the associated error        
 messages immediately preceding and/or following this error message do   
 not help resolve the file issue, please send the data leading to this   
 operation to your technical support provider, along with the I/O error  
 code of 43 and the system error code of 0, for help in determining the  
 possible reasons as to why this file could not be opened.               

 *** WARNING ***                         CP =       8.564   TIME= 01:27:14
 Unable to open *CFOPEN file ( (G:\pythonprojects\VKR\results\antype2\mod
 alResult1).txt ).                                                       
  The *CFOPEN command is ignored.                                        
/COM,ANSYS RELEASE Release 17.2      BUILD 17.2      UP20160718       01:44:44
/COM,ANSYS RELEASE Release 17.2      BUILD 17.2      UP20160718       01:47:40
/COM,ANSYS RELEASE Release 17.2      BUILD 17.2      UP20160718       01:22:49
/COM,ANSYS RELEASE Release 17.2      BUILD 17.2      UP20160718       01:24:07
/COM,ANSYS RELEASE Release 17.2      BUILD 17.2      UP20160718       01:24:15
/COM,ANSYS RELEASE Release 17.2      BUILD 17.2      UP20160718       01:24:24
/COM,ANSYS RELEASE Release 17.2      BUILD 17.2      UP20160718       01:24:32
/COM,ANSYS RELEASE Release 17.2      BUILD 17.2      UP20160718       01:24:40
/COM,ANSYS RELEASE Release 17.2      BUILD 17.2      UP20160718       01:24:55
/COM,ANSYS RELEASE Release 17.2      BUILD 17.2      UP20160718       01:25:04
/COM,ANSYS RELEASE Release 17.2      BUILD 17.2      UP20160718       01:25:10
/COM,ANSYS RELEASE Release 17.2      BUILD 17.2      UP20160718       01:25:17
/COM,ANSYS RELEASE Release 17.2      BUILD 17.2      UP20160718       01:25:24
/COM,ANSYS RELEASE Release 17.2      BUILD 17.2      UP20160718       01:44:37
/COM,ANSYS RELEASE Release 17.2      BUILD 17.2      UP20160718       01:44:54
/COM,ANSYS RELEASE Release 17.2      BUILD 17.2      UP20160718       01:45:04
/COM,ANSYS RELEASE Release 17.2      BUILD 17.2      UP20160718       01:45:12
/COM,ANSYS RELEASE Release 17.2      BUILD 17.2      UP20160718       01:45:19
/COM,ANSYS RELEASE Release 17.2      BUILD 17.2      UP20160718       01:45:25
/COM,ANSYS RELEASE Release 17.2      BUILD 17.2      UP20160718       01:45:32
/COM,ANSYS RELEASE Release 17.2      BUILD 17.2      UP20160718       01:45:38
/COM,ANSYS RELEASE Release 17.2      BUILD 17.2      UP20160718       01:45:44
/COM,ANSYS RELEASE Release 17.2      BUILD 17.2      UP20160718       01:45:50
/COM,ANSYS RELEASE Release 17.2      BUILD 17.2      UP20160718       01:45:56
/COM,ANSYS RELEASE Release 17.2      BUILD 17.2      UP20160718       01:46:46
/COM,ANSYS RELEASE Release 17.2      BUILD 17.2      UP20160718       01:46:58
/COM,ANSYS RELEASE Release 17.2      BUILD 17.2      UP20160718       01:47:04
/COM,ANSYS RELEASE Release 17.2      BUILD 17.2      UP20160718       01:47:11
/COM,ANSYS RELEASE Release 17.2      BUILD 17.2      UP20160718       01:47:19
/COM,ANSYS RELEASE Release 17.2      BUILD 17.2      UP20160718       01:47:27
/COM,ANSYS RELEASE Release 17.2      BUILD 17.2      UP20160718       01:47:38
/COM,ANSYS RELEASE Release 17.2      BUILD 17.2      UP20160718       01:47:46
/COM,ANSYS RELEASE Release 17.2      BUILD 17.2      UP20160718       01:47:54
/COM,ANSYS RELEASE Release 17.2      BUILD 17.2      UP20160718       01:48:01
/COM,ANSYS RELEASE Release 17.2      BUILD 17.2      UP20160718       01:48:07
/COM,ANSYS RELEASE Release 17.2      BUILD 17.2      UP20160718       01:50:18
/COM,ANSYS RELEASE Release 17.2      BUILD 17.2      UP20160718       01:50:30
/COM,ANSYS RELEASE Release 17.2      BUILD 17.2      UP20160718       01:50:36
/COM,ANSYS RELEASE Release 17.2      BUILD 17.2      UP20160718       01:50:43
/COM,ANSYS RELEASE Release 17.2      BUILD 17.2      UP20160718       01:50:49
/COM,ANSYS RELEASE Release 17.2      BUILD 17.2      UP20160718       01:50:55
/COM,ANSYS RELEASE Release 17.2      BUILD 17.2      UP20160718       01:51:02
/COM,ANSYS RELEASE Release 17.2      BUILD 17.2      UP20160718       01:51:09
/COM,ANSYS RELEASE Release 17.2      BUILD 17.2      UP20160718       01:51:15
/COM,ANSYS RELEASE Release 17.2      BUILD 17.2      UP20160718       01:51:22
/COM,ANSYS RELEASE Release 17.2      BUILD 17.2      UP20160718       01:51:28
/COM,ANSYS RELEASE Release 17.2      BUILD 17.2      UP20160718       01:52:01
/COM,ANSYS RELEASE Release 17.2      BUILD 17.2      UP20160718       01:52:12
/COM,ANSYS RELEASE Release 17.2      BUILD 17.2      UP20160718       01:52:18
/COM,ANSYS RELEASE Release 17.2      BUILD 17.2      UP20160718       01:52:24
/COM,ANSYS RELEASE Release 17.2      BUILD 17.2      UP20160718       01:52:30
/COM,ANSYS RELEASE Release 17.2      BUILD 17.2      UP20160718       01:52:36
/COM,ANSYS RELEASE Release 17.2      BUILD 17.2      UP20160718       01:52:43
/COM,ANSYS RELEASE Release 17.2      BUILD 17.2      UP20160718       01:52:51
/COM,ANSYS RELEASE Release 17.2      BUILD 17.2      UP20160718       01:52:57
/COM,ANSYS RELEASE Release 17.2      BUILD 17.2      UP20160718       01:53:03
/COM,ANSYS RELEASE Release 17.2      BUILD 17.2      UP20160718       01:53:10
/COM,ANSYS RELEASE Release 17.2      BUILD 17.2      UP20160718       01:56:54
/COM,ANSYS RELEASE Release 17.2      BUILD 17.2      UP20160718       01:57:04
/COM,ANSYS RELEASE Release 17.2      BUILD 17.2      UP20160718       01:57:10
/COM,ANSYS RELEASE Release 17.2      BUILD 17.2      UP20160718       01:57:16
/COM,ANSYS RELEASE Release 17.2      BUILD 17.2      UP20160718       01:57:22
/COM,ANSYS RELEASE Release 17.2      BUILD 17.2      UP20160718       01:57:29
/COM,ANSYS RELEASE Release 17.2      BUILD 17.2      UP20160718       01:57:35
/COM,ANSYS RELEASE Release 17.2      BUILD 17.2      UP20160718       01:57:40
/COM,ANSYS RELEASE Release 17.2      BUILD 17.2      UP20160718       01:57:46
/COM,ANSYS RELEASE Release 17.2      BUILD 17.2      UP20160718       01:57:52
/COM,ANSYS RELEASE Release 17.2      BUILD 17.2      UP20160718       01:57:58
/COM,ANSYS RELEASE Release 17.2      BUILD 17.2      UP20160718       02:33:17
/COM,ANSYS RELEASE Release 17.2      BUILD 17.2      UP20160718       02:34:10
/COM,ANSYS RELEASE Release 17.2      BUILD 17.2      UP20160718       02:34:16
/COM,ANSYS RELEASE Release 17.2      BUILD 17.2      UP20160718       02:34:24
/COM,ANSYS RELEASE Release 17.2      BUILD 17.2      UP20160718       02:34:31
/COM,ANSYS RELEASE Release 17.2      BUILD 17.2      UP20160718       02:34:37
/COM,ANSYS RELEASE Release 17.2      BUILD 17.2      UP20160718       02:34:42
/COM,ANSYS RELEASE Release 17.2      BUILD 17.2      UP20160718       02:34:49
/COM,ANSYS RELEASE Release 17.2      BUILD 17.2      UP20160718       02:34:59
/COM,ANSYS RELEASE Release 17.2      BUILD 17.2      UP20160718       02:35:05
/COM,ANSYS RELEASE Release 17.2      BUILD 17.2      UP20160718       02:35:12
/COM,ANSYS RELEASE Release 17.2      BUILD 17.2      UP20160718       02:35:52
/COM,ANSYS RELEASE Release 17.2      BUILD 17.2      UP20160718       02:36:03
/COM,ANSYS RELEASE Release 17.2      BUILD 17.2      UP20160718       02:36:11
/COM,ANSYS RELEASE Release 17.2      BUILD 17.2      UP20160718       02:36:19
/COM,ANSYS RELEASE Release 17.2      BUILD 17.2      UP20160718       02:36:26
/COM,ANSYS RELEASE Release 17.2      BUILD 17.2      UP20160718       02:36:32
/COM,ANSYS RELEASE Release 17.2      BUILD 17.2      UP20160718       02:36:39
/COM,ANSYS RELEASE Release 17.2      BUILD 17.2      UP20160718       02:36:46
/COM,ANSYS RELEASE Release 17.2      BUILD 17.2      UP20160718       02:36:52
/COM,ANSYS RELEASE Release 17.2      BUILD 17.2      UP20160718       02:36:58
/COM,ANSYS RELEASE Release 17.2      BUILD 17.2      UP20160718       02:37:05
